\BOOKMARK [1][-]{Abstract.1}{Abstract}{}% 1
\BOOKMARK [1][-]{Sammenfatning.1}{Sammenfatning}{}% 2
\BOOKMARK [1][-]{tableofcontents.1}{Contents}{}% 3
\BOOKMARK [1][-]{lof.1}{List of Figures}{}% 4
\BOOKMARK [1][-]{lot.1}{List of Tables}{}% 5
\BOOKMARK [1][-]{lol.1}{Listings}{}% 6
\BOOKMARK [1][-]{acronyms.1}{Acronyms}{}% 7
\BOOKMARK [-1][]{part.1}{The Proper Structure of a Thesis}{}% 8
\BOOKMARK [0][]{chapter.1}{1 Introduction}{part.1}% 9
\BOOKMARK [0][]{chapter.2}{2 Spring Cloud and Boot}{part.1}% 10
\BOOKMARK [0][]{chapter.3}{3 Docker}{part.1}% 11
\BOOKMARK [1][-]{subsection.3.0.1}{3.0.1 PoC of Docker container}{chapter.3}% 12
\BOOKMARK [0][]{chapter.4}{4 Kubernetes}{part.1}% 13
\BOOKMARK [1][-]{section.4.1}{4.1 PoC of Kubernetes}{chapter.4}% 14
\BOOKMARK [0][]{chapter.5}{5 Resilience}{part.1}% 15
\BOOKMARK [0][]{chapter.6}{6 Domain Name Service and Service Discovery}{part.1}% 16
\BOOKMARK [1][-]{section.6.1}{6.1 DNS}{chapter.6}% 17
\BOOKMARK [1][-]{section.6.2}{6.2 Service Discovery}{chapter.6}% 18
\BOOKMARK [0][]{chapter.7}{7 Conclusion}{part.1}% 19
\BOOKMARK [-1][]{part.2}{Appendix}{}% 20
\BOOKMARK [0][]{appendix.A}{A Appendix Test}{part.2}% 21
\BOOKMARK [1][-]{section.A.1}{A.1 Appendix Section Test}{appendix.A}% 22
\BOOKMARK [1][-]{section.A.2}{A.2 Another Appendix Section Test}{appendix.A}% 23
\BOOKMARK [0][]{dummy.6}{Bibliography}{part.2}% 24
\BOOKMARK [0][]{declaration.0}{Declaration}{part.2}% 25
\BOOKMARK [0][]{colophon.0}{Colophon}{part.2}% 26
